#
# A fatal error has been detected by the Java Runtime Environment:
#
#  EXCEPTION_ACCESS_VIOLATION (0xc0000005) at pc=0x000000006e3b1770, pid=9568, tid=892
#
# JRE version: Java(TM) SE Runtime Environment (7.0_71-b14) (build 1.7.0_71-b14)
# Java VM: Java HotSpot(TM) 64-Bit Server VM (24.71-b01 mixed mode windows-amd64 compressed oops)
# Problematic frame:
# V  [jvm.dll+0x121770]
#
# Failed to write core dump. Minidumps are not enabled by default on client versions of Windows
#
# If you would like to submit a bug report, please visit:
#   http://bugreport.sun.com/bugreport/crash.jsp
#

---------------  T H R E A D  ---------------

Current thread (0x000000000e76c800):  JavaThread "Thread-3" [_thread_in_vm, id=892, stack(0x000000000f750000,0x000000000f850000)]

siginfo: ExceptionCode=0xc0000005, reading address 0x0000000000000000

Registers:
RAX=0x0000000000000000, RBX=0x000000000e76c800, RCX=0x0000000000000c80, RDX=0x0000000000000000
RSP=0x000000000f84f350, RBP=0x000000000f84f4e8, RSI=0x000000000e76c9e8, RDI=0x0000000000000000
R8 =0x000000000f84f540, R9 =0x00000000001b0001, R10=0x000000006e985f80, R11=0x000000006e473900
R12=0x0000000000000000, R13=0x000000077cd58f40, R14=0x000000000f84f548, R15=0x0000000000000000
RIP=0x000000006e3b1770, EFLAGS=0x0000000000010202

Top of Stack: (sp=0x000000000f84f350)
0x000000000f84f350:   000000006e8021d8 0000000000000000
0x000000000f84f360:   000000000e76c800 0000000000000000
0x000000000f84f370:   000000000f84f540 00007ffdb716208a
0x000000000f84f380:   000000077cd58f40 0000000000000000
0x000000000f84f390:   000000000cc20c28 000000000e76c800
0x000000000f84f3a0:   000000000f84f548 000000077cd58f40
0x000000000f84f3b0:   0000000000000000 000000000e76c800
0x000000000f84f3c0:   000000077cd57cc0 000000000f84f4e8
0x000000000f84f3d0:   000000000cf07250 000000006e32fa88
0x000000000f84f3e0:   000000e60f84f9a8 000000000cc1fc40
0x000000000f84f3f0:   000000000cc20018 00000000000003d8
0x000000000f84f400:   000000000e76c800 000000000f84f548
0x000000000f84f410:   000000077cd58f40 0000000000000000
0x000000000f84f420:   00000000023860f8 000000077cd57cc0
0x000000000f84f430:   000000077cd58f40 0000000002393150
0x000000000f84f440:   000000000cc20c48 000000000cc20c58 

Instructions: (pc=0x000000006e3b1770)
0x000000006e3b1750:   a9 00 00 00 30 74 08 48 8b cb e8 f1 62 0d 00 c7
0x000000006e3b1760:   83 60 02 00 00 06 00 00 00 80 3d 28 38 63 00 00
0x000000006e3b1770:   48 8b 0f b8 10 00 00 00 ba 0c 00 00 00 0f 45 c2
0x000000006e3b1780:   48 98 8b 3c 08 c7 83 60 02 00 00 07 00 00 00 83 


Register to memory mapping:

RAX=0x0000000000000000 is an unknown value
RBX=0x000000000e76c800 is a thread
RCX=0x0000000000000c80 is an unknown value
RDX=0x0000000000000000 is an unknown value
RSP=0x000000000f84f350 is pointing into the stack for thread: 0x000000000e76c800
RBP=0x000000000f84f4e8 is pointing into the stack for thread: 0x000000000e76c800
RSI=0x000000000e76c9e8 is an unknown value
RDI=0x0000000000000000 is an unknown value
R8 =0x000000000f84f540 is pointing into the stack for thread: 0x000000000e76c800
R9 =0x00000000001b0001 is an unknown value
R10=0x000000006e985f80 is an unknown value
R11=0x000000006e473900 is an unknown value
R12=0x0000000000000000 is an unknown value
R13=0x000000077cd58f40 is an oop
{method} 
 - klass: {other class}
R14=0x000000000f84f548 is pointing into the stack for thread: 0x000000000e76c800
R15=0x0000000000000000 is an unknown value


Stack: [0x000000000f750000,0x000000000f850000],  sp=0x000000000f84f350,  free space=1020k
Native frames: (J=compiled Java code, j=interpreted, Vv=VM code, C=native code)
V  [jvm.dll+0x121770]
j  com.digitalpersona.uareu.jni.Dpfj.identify(Lcom/digitalpersona/uareu/Fmd;I[Lcom/digitalpersona/uareu/Fmd;II)[Lcom/digitalpersona/uareu/Engine$Candidate;+148
j  com.digitalpersona.uareu.dpfj.EngineImpl.Identify(Lcom/digitalpersona/uareu/Fmd;I[Lcom/digitalpersona/uareu/Fmd;II)[Lcom/digitalpersona/uareu/Engine$Candidate;+11
j  com.hbs.acceso.Lector.validar1N([Lcom/digitalpersona/uareu/Fmd;)I+28
j  com.hbs.acceso.Lector.getEmpleado(Ljava/util/List;)Lcom/hbs/acceso/Empleado;+60
j  com.hbs.acceso.MainFrame$2.run()V+14
j  java.lang.Thread.run()V+11
v  ~StubRoutines::call_stub
V  [jvm.dll+0x1cef93]

Java frames: (J=compiled Java code, j=interpreted, Vv=VM code)
j  com.digitalpersona.uareu.jni.Dpfj.DpfjIdentify([BII[[BIILcom/digitalpersona/uareu/jni/Dpfj$IntReference;[Lcom/digitalpersona/uareu/Engine$Candidate;)I+0
j  com.digitalpersona.uareu.jni.Dpfj.identify(Lcom/digitalpersona/uareu/Fmd;I[Lcom/digitalpersona/uareu/Fmd;II)[Lcom/digitalpersona/uareu/Engine$Candidate;+148
j  com.digitalpersona.uareu.dpfj.EngineImpl.Identify(Lcom/digitalpersona/uareu/Fmd;I[Lcom/digitalpersona/uareu/Fmd;II)[Lcom/digitalpersona/uareu/Engine$Candidate;+11
j  com.hbs.acceso.Lector.validar1N([Lcom/digitalpersona/uareu/Fmd;)I+28
j  com.hbs.acceso.Lector.getEmpleado(Ljava/util/List;)Lcom/hbs/acceso/Empleado;+60
j  com.hbs.acceso.MainFrame$2.run()V+14
j  java.lang.Thread.run()V+11
v  ~StubRoutines::call_stub

---------------  P R O C E S S  ---------------

Java Threads: ( => current thread )
=>0x000000000e76c800 JavaThread "Thread-3" [_thread_in_vm, id=892, stack(0x000000000f750000,0x000000000f850000)]
  0x000000000cf42800 JavaThread "MySQL Statement Cancellation Timer" daemon [_thread_blocked, id=2496, stack(0x000000000f650000,0x000000000f750000)]
  0x000000000e7b3800 JavaThread "TimerQueue" daemon [_thread_blocked, id=896, stack(0x000000000ed50000,0x000000000ee50000)]
  0x000000000ce4a800 JavaThread "Image Fetcher 0" daemon [_thread_blocked, id=4872, stack(0x000000000e450000,0x000000000e550000)]
  0x000000000227e800 JavaThread "DestroyJavaVM" [_thread_blocked, id=1784, stack(0x0000000002150000,0x0000000002250000)]
  0x000000000cd95800 JavaThread "AWT-EventQueue-0" [_thread_blocked, id=10020, stack(0x000000000e350000,0x000000000e450000)]
  0x000000000cd0c800 JavaThread "AWT-Windows" daemon [_thread_in_native, id=8688, stack(0x000000000d860000,0x000000000d960000)]
  0x000000000cd09800 JavaThread "AWT-Shutdown" [_thread_blocked, id=8612, stack(0x000000000d760000,0x000000000d860000)]
  0x000000000cd09000 JavaThread "Java2D Disposer" daemon [_thread_blocked, id=8664, stack(0x000000000d660000,0x000000000d760000)]
  0x0000000002374800 JavaThread "Service Thread" daemon [_thread_blocked, id=4108, stack(0x000000000d360000,0x000000000d460000)]
  0x0000000002373800 JavaThread "C2 CompilerThread1" daemon [_thread_blocked, id=4848, stack(0x000000000d260000,0x000000000d360000)]
  0x000000000236f800 JavaThread "C2 CompilerThread0" daemon [_thread_blocked, id=8460, stack(0x000000000d160000,0x000000000d260000)]
  0x000000000236f000 JavaThread "Attach Listener" daemon [_thread_blocked, id=8928, stack(0x000000000d060000,0x000000000d160000)]
  0x000000000236a000 JavaThread "Signal Dispatcher" daemon [_thread_blocked, id=2944, stack(0x000000000cf60000,0x000000000d060000)]
  0x000000000ab6f800 JavaThread "Finalizer" daemon [_thread_blocked, id=9524, stack(0x000000000ca60000,0x000000000cb60000)]
  0x000000000ab69000 JavaThread "Reference Handler" daemon [_thread_blocked, id=8608, stack(0x000000000c960000,0x000000000ca60000)]

Other Threads:
  0x000000000ab65800 VMThread [stack: 0x000000000c860000,0x000000000c960000] [id=6404]
  0x000000000237c000 WatcherThread [stack: 0x000000000d460000,0x000000000d560000] [id=608]

VM state:not at safepoint (normal execution)

VM Mutex/Monitor currently owned by a thread: None

Heap
 PSYoungGen      total 38400K, used 17792K [0x00000007d5c00000, 0x00000007d8680000, 0x0000000800000000)
  eden space 33280K, 53% used [0x00000007d5c00000,0x00000007d6d601e0,0x00000007d7c80000)
  from space 5120K, 0% used [0x00000007d8180000,0x00000007d8180000,0x00000007d8680000)
  to   space 5120K, 0% used [0x00000007d7c80000,0x00000007d7c80000,0x00000007d8180000)
 ParOldGen       total 86528K, used 0K [0x0000000781400000, 0x0000000786880000, 0x00000007d5c00000)
  object space 86528K, 0% used [0x0000000781400000,0x0000000781400000,0x0000000786880000)
 PSPermGen       total 21504K, used 15572K [0x000000077c200000, 0x000000077d700000, 0x0000000781400000)
  object space 21504K, 72% used [0x000000077c200000,0x000000077d135380,0x000000077d700000)

Card table byte_map: [0x0000000005440000,0x0000000005860000] byte_map_base: 0x000000000185f000

Polling page: 0x0000000000550000

Code Cache  [0x0000000002380000, 0x00000000025f0000, 0x0000000005380000)
 total_blobs=579 nmethods=61 adapters=470 free_code_cache=48451Kb largest_free_block=49587712

Compilation events (10 events):
Event: 2.074 Thread 0x0000000002373800   57             java.util.ArrayList::rangeCheck (22 bytes)
Event: 2.074 Thread 0x000000000236f800   58             java.util.ArrayList::elementData (7 bytes)
Event: 2.074 Thread 0x0000000002373800 nmethod 57 0x0000000002431f50 code [0x0000000002432080, 0x00000000024320f8]
Event: 2.075 Thread 0x000000000236f800 nmethod 58 0x0000000002432190 code [0x00000000024322c0, 0x0000000002432358]
Event: 2.075 Thread 0x0000000002373800   59             java.util.ArrayList::get (11 bytes)
Event: 2.075 Thread 0x0000000002373800 nmethod 59 0x0000000002431c50 code [0x0000000002431d80, 0x0000000002431e38]
Event: 2.076 Thread 0x000000000236f800   60             javax.swing.text.html.MuxingAttributeSet::getAttribute (45 bytes)
Event: 2.079 Thread 0x000000000236f800 nmethod 60 0x0000000002431010 code [0x0000000002431180, 0x0000000002431888]
Event: 3.083 Thread 0x0000000002373800   61             javax.swing.GroupLayout$Spring::constrain (8 bytes)
Event: 3.084 Thread 0x0000000002373800 nmethod 61 0x000000000242e790 code [0x000000000242e8c0, 0x000000000242e938]

GC Heap History (0 events):
No events

Deoptimization events (8 events):
Event: 0.318 Thread 0x000000000cd95800 Uncommon trap: reason=class_check action=maybe_recompile pc=0x000000000240cb38 method=java.util.Properties$LineReader.readLine()I @ 62
Event: 0.319 Thread 0x000000000cd95800 Uncommon trap: reason=class_check action=maybe_recompile pc=0x000000000240cb38 method=java.util.Properties$LineReader.readLine()I @ 62
Event: 0.320 Thread 0x000000000cd95800 Uncommon trap: reason=class_check action=maybe_recompile pc=0x000000000240cb38 method=java.util.Properties$LineReader.readLine()I @ 62
Event: 0.320 Thread 0x000000000cd95800 Uncommon trap: reason=class_check action=maybe_recompile pc=0x000000000240cb38 method=java.util.Properties$LineReader.readLine()I @ 62
Event: 0.590 Thread 0x000000000cd95800 Uncommon trap: reason=class_check action=maybe_recompile pc=0x00000000023f1b44 method=java.lang.String.equals(Ljava/lang/Object;)Z @ 8
Event: 0.590 Thread 0x000000000cd95800 Uncommon trap: reason=class_check action=maybe_recompile pc=0x00000000023f1b44 method=java.lang.String.equals(Ljava/lang/Object;)Z @ 8
Event: 0.590 Thread 0x000000000cd95800 Uncommon trap: reason=class_check action=maybe_recompile pc=0x00000000023f1b44 method=java.lang.String.equals(Ljava/lang/Object;)Z @ 8
Event: 0.590 Thread 0x000000000cd95800 Uncommon trap: reason=class_check action=maybe_recompile pc=0x00000000023f1b44 method=java.lang.String.equals(Ljava/lang/Object;)Z @ 8

Internal exceptions (10 events):
Event: 3.337 Thread 0x000000000e76c800 Threw 0x00000007d6b7ca90 at C:\re\jdk7u71\1605\hotspot\src\share\vm\prims\jvm.cpp:1281
Event: 3.338 Thread 0x000000000e76c800 Threw 0x00000007d6b80220 at C:\re\jdk7u71\1605\hotspot\src\share\vm\prims\jvm.cpp:1281
Event: 3.340 Thread 0x000000000e76c800 Threw 0x00000007d6b85640 at C:\re\jdk7u71\1605\hotspot\src\share\vm\prims\jvm.cpp:1281
Event: 3.341 Thread 0x000000000e76c800 Threw 0x00000007d6b89748 at C:\re\jdk7u71\1605\hotspot\src\share\vm\prims\jvm.cpp:1281
Event: 3.342 Thread 0x000000000e76c800 Threw 0x00000007d6b8dd98 at C:\re\jdk7u71\1605\hotspot\src\share\vm\prims\jvm.cpp:1281
Event: 3.343 Thread 0x000000000e76c800 Threw 0x00000007d6b91ea8 at C:\re\jdk7u71\1605\hotspot\src\share\vm\prims\jvm.cpp:1281
Event: 3.344 Thread 0x000000000e76c800 Threw 0x00000007d6b96458 at C:\re\jdk7u71\1605\hotspot\src\share\vm\prims\jvm.cpp:1281
Event: 3.344 Thread 0x000000000e76c800 Threw 0x00000007d6b997c0 at C:\re\jdk7u71\1605\hotspot\src\share\vm\prims\jvm.cpp:1281
Event: 3.370 Thread 0x000000000e76c800 Threw 0x00000007d6b9dff0 at C:\re\jdk7u71\1605\hotspot\src\share\vm\prims\jvm.cpp:1281
Event: 3.370 Thread 0x000000000e76c800 Threw 0x00000007d6ba15b8 at C:\re\jdk7u71\1605\hotspot\src\share\vm\prims\jvm.cpp:1281

Events (10 events):
Event: 3.343 loading class 0x000000000e63eb00
Event: 3.343 loading class 0x000000000e63eb00 done
Event: 3.344 loading class 0x000000000e63e900
Event: 3.344 loading class 0x000000000e63e900 done
Event: 3.344 loading class 0x000000000cf07190
Event: 3.344 loading class 0x000000000cf07190 done
Event: 3.370 loading class 0x000000000e5a9610
Event: 3.370 loading class 0x000000000e5a9610 done
Event: 3.370 loading class 0x000000000e63fbf0
Event: 3.370 loading class 0x000000000e63fbf0 done


Dynamic libraries:
0x00007ff7d3020000 - 0x00007ff7d3053000 	C:\Program Files\Java\jdk1.7.0_71\bin\java.exe
0x00007ffdbe8a0000 - 0x00007ffdbea61000 	C:\WINDOWS\SYSTEM32\ntdll.dll
0x00007ffdbbf60000 - 0x00007ffdbc00d000 	C:\WINDOWS\system32\KERNEL32.DLL
0x00007ffdbb1f0000 - 0x00007ffdbb3d8000 	C:\WINDOWS\system32\KERNELBASE.dll
0x00007ffdbbeb0000 - 0x00007ffdbbf57000 	C:\WINDOWS\system32\ADVAPI32.dll
0x00007ffdbbe10000 - 0x00007ffdbbead000 	C:\WINDOWS\system32\msvcrt.dll
0x00007ffdbbcd0000 - 0x00007ffdbbd2b000 	C:\WINDOWS\system32\sechost.dll
0x00007ffdbe430000 - 0x00007ffdbe54c000 	C:\WINDOWS\system32\RPCRT4.dll
0x00007ffdbe590000 - 0x00007ffdbe6e6000 	C:\WINDOWS\system32\USER32.dll
0x00007ffdbdb90000 - 0x00007ffdbdd16000 	C:\WINDOWS\system32\GDI32.dll
0x00007ffdb5be0000 - 0x00007ffdb5e54000 	C:\WINDOWS\WinSxS\amd64_microsoft.windows.common-controls_6595b64144ccf1df_6.0.10586.0_none_8c15ae12515e1c22\COMCTL32.dll
0x00007ffdbd7c0000 - 0x00007ffdbda3d000 	C:\WINDOWS\system32\combase.dll
0x00007ffdbb180000 - 0x00007ffdbb1ea000 	C:\WINDOWS\system32\bcryptPrimitives.dll
0x00007ffdbe550000 - 0x00007ffdbe58b000 	C:\WINDOWS\system32\IMM32.DLL
0x000000006e1b0000 - 0x000000006e282000 	C:\Program Files\Java\jdk1.7.0_71\jre\bin\msvcr100.dll
0x000000006e290000 - 0x000000006ea63000 	C:\Program Files\Java\jdk1.7.0_71\jre\bin\server\jvm.dll
0x00007ffdbd7b0000 - 0x00007ffdbd7b8000 	C:\WINDOWS\system32\PSAPI.DLL
0x00007ffdaf910000 - 0x00007ffdaf919000 	C:\WINDOWS\SYSTEM32\WSOCK32.dll
0x00007ffdb8980000 - 0x00007ffdb89a3000 	C:\WINDOWS\SYSTEM32\WINMM.dll
0x00007ffdbbd30000 - 0x00007ffdbbd9b000 	C:\WINDOWS\system32\WS2_32.dll
0x00000000020e0000 - 0x000000000210c000 	C:\WINDOWS\SYSTEM32\WINMMBASE.dll
0x00007ffdbbb10000 - 0x00007ffdbbb53000 	C:\WINDOWS\system32\cfgmgr32.dll
0x000000006fb10000 - 0x000000006fb1f000 	C:\Program Files\Java\jdk1.7.0_71\jre\bin\verify.dll
0x000000006e140000 - 0x000000006e168000 	C:\Program Files\Java\jdk1.7.0_71\jre\bin\java.dll
0x000000006e120000 - 0x000000006e135000 	C:\Program Files\Java\jdk1.7.0_71\jre\bin\zip.dll
0x000000006df40000 - 0x000000006e0d5000 	C:\Program Files\Java\jdk1.7.0_71\jre\bin\awt.dll
0x00007ffdbd6e0000 - 0x00007ffdbd7a1000 	C:\WINDOWS\system32\OLEAUT32.dll
0x00007ffdb96f0000 - 0x00007ffdb9769000 	C:\WINDOWS\system32\apphelp.dll
0x00007ffdb9880000 - 0x00007ffdb9916000 	C:\WINDOWS\system32\uxtheme.dll
0x00007ffdbdd20000 - 0x00007ffdbde7a000 	C:\WINDOWS\system32\MSCTF.dll
0x00007ffdb91f0000 - 0x00007ffdb9212000 	C:\WINDOWS\system32\dwmapi.dll
0x00007ffdbda40000 - 0x00007ffdbdb83000 	C:\WINDOWS\system32\ole32.dll
0x00007ffdbaf40000 - 0x00007ffdbaf4f000 	C:\WINDOWS\system32\kernel.appcore.dll
0x00007ffdbc010000 - 0x00007ffdbd56c000 	C:\WINDOWS\system32\SHELL32.dll
0x00007ffdbb4c0000 - 0x00007ffdbbb05000 	C:\WINDOWS\system32\windows.storage.dll
0x00007ffdbd570000 - 0x00007ffdbd5c2000 	C:\WINDOWS\system32\shlwapi.dll
0x00007ffdbb3e0000 - 0x00007ffdbb495000 	C:\WINDOWS\system32\shcore.dll
0x00007ffdbaef0000 - 0x00007ffdbaf3b000 	C:\WINDOWS\system32\powrprof.dll
0x00007ffdbaed0000 - 0x00007ffdbaee4000 	C:\WINDOWS\system32\profapi.dll
0x000000006def0000 - 0x000000006df37000 	C:\Program Files\Java\jdk1.7.0_71\jre\bin\fontmanager.dll
0x000000006e100000 - 0x000000006e119000 	C:\Program Files\Java\jdk1.7.0_71\jre\bin\net.dll
0x00007ffdba790000 - 0x00007ffdba7ec000 	C:\WINDOWS\system32\mswsock.dll
0x000000006e0e0000 - 0x000000006e0f1000 	C:\Program Files\Java\jdk1.7.0_71\jre\bin\nio.dll
0x000000006dea0000 - 0x000000006dee1000 	C:\Program Files\Java\jdk1.7.0_71\jre\bin\t2k.dll
0x00007ffdb7160000 - 0x00007ffdb7187000 	C:\Windows\System32\dpuareu_jni.dll
0x00007ffdab8c0000 - 0x00007ffdab91a000 	C:\WINDOWS\SYSTEM32\dpfj.dll
0x00007ffdab880000 - 0x00007ffdab8b7000 	C:\WINDOWS\SYSTEM32\dpfr6.dll
0x00007ffdaf8e0000 - 0x00007ffdaf90b000 	C:\WINDOWS\SYSTEM32\dpfpdd.dll
0x00007ffdb5710000 - 0x00007ffdb57a0000 	C:\WINDOWS\SYSTEM32\DPFPApi.DLL
0x00007ffdbafb0000 - 0x00007ffdbb177000 	C:\WINDOWS\system32\CRYPT32.dll
0x00007ffdbaec0000 - 0x00007ffdbaed0000 	C:\WINDOWS\system32\MSASN1.dll
0x00007ffdba620000 - 0x00007ffdba63f000 	C:\WINDOWS\SYSTEM32\USERENV.dll
0x00007ffdb56a0000 - 0x00007ffdb56aa000 	C:\WINDOWS\SYSTEM32\VERSION.dll
0x00007ffdb47e0000 - 0x00007ffdb482c000 	C:\WINDOWS\system32\DPCLBACK.dll
0x00007ffdbb4a0000 - 0x00007ffdbb4b7000 	C:\WINDOWS\system32\NETAPI32.dll
0x00007ffdba2d0000 - 0x00007ffdba2dc000 	C:\WINDOWS\SYSTEM32\NETUTILS.DLL
0x00007ffdba3b0000 - 0x00007ffdba3e1000 	C:\WINDOWS\SYSTEM32\ntmarta.dll
0x00007ffdba840000 - 0x00007ffdba857000 	C:\WINDOWS\SYSTEM32\CRYPTSP.dll
0x00007ffdba4d0000 - 0x00007ffdba504000 	C:\WINDOWS\system32\rsaenh.dll
0x00007ffdbad30000 - 0x00007ffdbad59000 	C:\WINDOWS\SYSTEM32\bcrypt.dll
0x00007ffdba960000 - 0x00007ffdba96b000 	C:\WINDOWS\SYSTEM32\CRYPTBASE.dll
0x00007ffdb9920000 - 0x00007ffdb99ca000 	C:\WINDOWS\SYSTEM32\DNSAPI.dll
0x00007ffdbdee0000 - 0x00007ffdbdee8000 	C:\WINDOWS\system32\NSI.dll
0x000000006fc40000 - 0x000000006fc66000 	C:\Program Files\Bonjour\mdnsNSP.dll
0x00007ffdb7e60000 - 0x00007ffdb7e98000 	C:\WINDOWS\SYSTEM32\Iphlpapi.DLL
0x00007ffdadee0000 - 0x00007ffdadeea000 	C:\Windows\System32\rasadhlp.dll
0x00007ffdb1890000 - 0x00007ffdb18f7000 	C:\WINDOWS\System32\fwpuclnt.dll
0x00007ffdae5b0000 - 0x00007ffdae73c000 	C:\WINDOWS\SYSTEM32\dbghelp.dll

VM Arguments:
java_command: com.hbs.acceso.MainFrame
Launcher Type: SUN_STANDARD

Environment Variables:
JAVA_HOME=C:\Program Files\Java\jdk1.7.0_71
PATH=c:\Software\octave3.6.4\bin;C:\Program Files (x86)\Qucs\bin;C:\ProgramData\Oracle\Java\javapath;C:\Python34\Lib\site-packages\PyQt4;C:\Program Files (x86)\Lenovo\FusionEngine;C:\Program Files (x86)\Intel\iCLS Client\;C:\Program Files\Intel\iCLS Client\;C:\WINDOWS\system32;C:\WINDOWS;C:\WINDOWS\System32\Wbem;C:\WINDOWS\System32\WindowsPowerShell\v1.0\;C:\Program Files\Intel\Intel(R) Management Engine Components\DAL;C:\Program Files\Intel\Intel(R) Management Engine Components\IPT;C:\Program Files (x86)\Intel\Intel(R) Management Engine Components\DAL;C:\Program Files (x86)\Intel\Intel(R) Management Engine Components\IPT;C:\Program Files (x86)\Lenovo\Motion Control\;C:\Program Files (x86)\Common Files\lenovo\easyplussdk\bin;C:\Program Files\Java\jdk1.8.0_60\bin;C:\Program Files (x86)\Windows Live\Shared;C:\Users\David Pacheco\AppData\Local\Android\sdk\platform-tools;C:\Program Files (x86)\MiKTeX 2.9\miktex\bin\;C:\Python34;C:\Qt\5.4\mingw491_32\bin;C:\Program Files\Microsoft SQL Server\110\Tools\Binn\;C:\xampp\php\;C:\Program Files (x86)\CodeBlocks\MinGW\bin;C:\Program Files (x86)\NVIDIA Corporation\PhysX\Common;C:\WINDOWS\system32;C:\WINDOWS;C:\WINDOWS\System32\Wbem;C:\WINDOWS\System32\WindowsPowerShell\v1.0\;C:\Program Files (x86)\Skype\Phone\;C:\Program Files\MySQL\MySQL Server 5.6\bin;C:\WINDOWS\system32\config\systemprofile\.dnx\bin;C:\Program Files\Microsoft DNX\Dnvm\;C:\Program Files\TortoiseGit\bin;C:\Users\David Pacheco\AppData\Local\atom\bin;C:\Users\David Pacheco\AppData\Local\Enthought\Canopy\User;C:\Users\David Pacheco\AppData\Local\Enthought\Canopy\User\Scripts
USERNAME=Pacheco
OS=Windows_NT
PROCESSOR_IDENTIFIER=Intel64 Family 6 Model 60 Stepping 3, GenuineIntel



---------------  S Y S T E M  ---------------

OS: Windows 8.1 , 64 bit Build 9600 

CPU:total 8 (4 cores per cpu, 2 threads per core) family 6 model 60 stepping 3, cmov, cx8, fxsr, mmx, sse, sse2, sse3, ssse3, sse4.1, sse4.2, popcnt, avx, avx2, aes, erms, ht, tsc, tscinvbit

Memory: 4k page, physical 8298776k(4302888k free), swap 9609496k(2439008k free)

vm_info: Java HotSpot(TM) 64-Bit Server VM (24.71-b01) for windows-amd64 JRE (1.7.0_71-b14), built on Sep 26 2014 16:16:12 by "java_re" with unknown MS VC++:1600

time: Mon Feb 22 23:08:50 2016
elapsed time: 3 seconds

